Performing C SOURCE FILE Test CMAKE_HAVE_LIBC_PTHREAD failed with the following output:
Change Dir: /workspace/VENGE/build/CMakeFiles/CMakeTmp

Run Build Command(s):/usr/bin/make cmTC_4c509/fast && /usr/bin/make  -f CMakeFiles/cmTC_4c509.dir/build.make CMakeFiles/cmTC_4c509.dir/build
make[1]: Entering directory '/workspace/VENGE/build/CMakeFiles/CMakeTmp'
Building C object CMakeFiles/cmTC_4c509.dir/src.c.o
/bin/gcc-9 -DCMAKE_HAVE_LIBC_PTHREAD   -o CMakeFiles/cmTC_4c509.dir/src.c.o -c /workspace/VENGE/build/CMakeFiles/CMakeTmp/src.c
Linking C executable cmTC_4c509
/home/linuxbrew/.linuxbrew/Cellar/cmake/3.19.2/bin/cmake -E cmake_link_script CMakeFiles/cmTC_4c509.dir/link.txt --verbose=1
/bin/gcc-9 CMakeFiles/cmTC_4c509.dir/src.c.o -o cmTC_4c509 
/usr/bin/ld: CMakeFiles/cmTC_4c509.dir/src.c.o: in function `main':
src.c:(.text+0x46): undefined reference to `pthread_create'
/usr/bin/ld: src.c:(.text+0x52): undefined reference to `pthread_detach'
/usr/bin/ld: src.c:(.text+0x5e): undefined reference to `pthread_cancel'
/usr/bin/ld: src.c:(.text+0x6f): undefined reference to `pthread_join'
collect2: error: ld returned 1 exit status
make[1]: *** [CMakeFiles/cmTC_4c509.dir/build.make:106: cmTC_4c509] Error 1
make[1]: Leaving directory '/workspace/VENGE/build/CMakeFiles/CMakeTmp'
make: *** [Makefile:140: cmTC_4c509/fast] Error 2


Source file was:
#include <pthread.h>

static void* test_func(void* data)
{
  return data;
}

int main(void)
{
  pthread_t thread;
  pthread_create(&thread, NULL, test_func, NULL);
  pthread_detach(thread);
  pthread_cancel(thread);
  pthread_join(thread, NULL);
  pthread_atfork(NULL, NULL, NULL);
  pthread_exit(NULL);

  return 0;
}

Determining if the function pthread_create exists in the pthreads failed with the following output:
Change Dir: /workspace/VENGE/build/CMakeFiles/CMakeTmp

Run Build Command(s):/usr/bin/make cmTC_256aa/fast && /usr/bin/make  -f CMakeFiles/cmTC_256aa.dir/build.make CMakeFiles/cmTC_256aa.dir/build
make[1]: Entering directory '/workspace/VENGE/build/CMakeFiles/CMakeTmp'
Building C object CMakeFiles/cmTC_256aa.dir/CheckFunctionExists.c.o
/bin/gcc-9   -DCHECK_FUNCTION_EXISTS=pthread_create -o CMakeFiles/cmTC_256aa.dir/CheckFunctionExists.c.o -c /home/linuxbrew/.linuxbrew/Cellar/cmake/3.19.2/share/cmake/Modules/CheckFunctionExists.c
Linking C executable cmTC_256aa
/home/linuxbrew/.linuxbrew/Cellar/cmake/3.19.2/bin/cmake -E cmake_link_script CMakeFiles/cmTC_256aa.dir/link.txt --verbose=1
/bin/gcc-9  -DCHECK_FUNCTION_EXISTS=pthread_create CMakeFiles/cmTC_256aa.dir/CheckFunctionExists.c.o -o cmTC_256aa  -lpthreads 
/usr/bin/ld: cannot find -lpthreads
collect2: error: ld returned 1 exit status
make[1]: *** [CMakeFiles/cmTC_256aa.dir/build.make:106: cmTC_256aa] Error 1
make[1]: Leaving directory '/workspace/VENGE/build/CMakeFiles/CMakeTmp'
make: *** [Makefile:140: cmTC_256aa/fast] Error 2



